# JRE version: OpenJDK Runtime Environment (11.0.8+10) (build 11.0.8+10-b944.6842174)
# Java VM: OpenJDK 64-Bit Server VM (11.0.8+10-b944.6842174, mixed mode, tiered, compressed oops, g1 gc, windows-amd64)
Heap:
 garbage-first heap   total 131072K, used 67133K [0x00000000e0000000, 0x0000000100000000)
  region size 1024K, 50 young (51200K), 7 survivors (7168K)
 Metaspace       used 43367K, capacity 44380K, committed 44536K, reserved 1087488K
  class space    used 5547K, capacity 5892K, committed 5964K, reserved 1048576K
GC Heap History (16 events):
Event: 0.977 GC heap before
{Heap before GC invocations=0 (full 0):
 garbage-first heap   total 131072K, used 19456K [0x00000000e0000000, 0x0000000100000000)
  region size 1024K, 14 young (14336K), 0 survivors (0K)
 Metaspace       used 7573K, capacity 7745K, committed 7936K, reserved 1056768K
  class space    used 706K, capacity 749K, committed 768K, reserved 1048576K
}
Event: 0.984 GC heap after
{Heap after GC invocations=1 (full 0):
 garbage-first heap   total 131072K, used 8111K [0x00000000e0000000, 0x0000000100000000)
  region size 1024K, 2 young (2048K), 2 survivors (2048K)
 Metaspace       used 7573K, capacity 7745K, committed 7936K, reserved 1056768K
  class space    used 706K, capacity 749K, committed 768K, reserved 1048576K
}
Event: 1.499 GC heap before
{Heap before GC invocations=1 (full 0):
 garbage-first heap   total 131072K, used 19375K [0x00000000e0000000, 0x0000000100000000)
  region size 1024K, 13 young (13312K), 2 survivors (2048K)
 Metaspace       used 10475K, capacity 10709K, committed 11008K, reserved 1058816K
  class space    used 1101K, capacity 1164K, committed 1280K, reserved 1048576K
}
Event: 1.503 GC heap after
{Heap after GC invocations=2 (full 0):
 garbage-first heap   total 131072K, used 8758K [0x00000000e0000000, 0x0000000100000000)
  region size 1024K, 1 young (1024K), 1 survivors (1024K)
 Metaspace       used 10475K, capacity 10709K, committed 11008K, reserved 1058816K
  class space    used 1101K, capacity 1164K, committed 1280K, reserved 1048576K
}
Event: 2.408 GC heap before
{Heap before GC invocations=2 (full 0):
 garbage-first heap   total 131072K, used 36406K [0x00000000e0000000, 0x0000000100000000)
  region size 1024K, 29 young (29696K), 1 survivors (1024K)
 Metaspace       used 10704K, capacity 10953K, committed 11264K, reserved 1058816K
  class space    used 1117K, capacity 1204K, committed 1280K, reserved 1048576K
}
Event: 2.412 GC heap after
{Heap after GC invocations=3 (full 0):
 garbage-first heap   total 131072K, used 12837K [0x00000000e0000000, 0x0000000100000000)
  region size 1024K, 4 young (4096K), 4 survivors (4096K)
 Metaspace       used 10704K, capacity 10953K, committed 11264K, reserved 1058816K
  class space    used 1117K, capacity 1204K, committed 1280K, reserved 1048576K
}
Event: 4.881 GC heap before
{Heap before GC invocations=3 (full 0):
 garbage-first heap   total 131072K, used 53797K [0x00000000e0000000, 0x0000000100000000)
  region size 1024K, 44 young (45056K), 4 survivors (4096K)
 Metaspace       used 19008K, capacity 19445K, committed 19584K, reserved 1067008K
  class space    used 2298K, capacity 2426K, committed 2432K, reserved 1048576K
}
Event: 4.888 GC heap after
{Heap after GC invocations=4 (full 0):
 garbage-first heap   total 131072K, used 16267K [0x00000000e0000000, 0x0000000100000000)
  region size 1024K, 3 young (3072K), 3 survivors (3072K)
 Metaspace       used 19008K, capacity 19445K, committed 19584K, reserved 1067008K
  class space    used 2298K, capacity 2426K, committed 2432K, reserved 1048576K
}
Event: 5.125 GC heap before
{Heap before GC invocations=4 (full 0):
 garbage-first heap   total 131072K, used 23435K [0x00000000e0000000, 0x0000000100000000)
  region size 1024K, 11 young (11264K), 3 survivors (3072K)
 Metaspace       used 20624K, capacity 20990K, committed 21248K, reserved 1069056K
  class space    used 2422K, capacity 2541K, committed 2560K, reserved 1048576K
}
Event: 5.130 GC heap after
{Heap after GC invocations=5 (full 0):
 garbage-first heap   total 131072K, used 16531K [0x00000000e0000000, 0x0000000100000000)
  region size 1024K, 4 young (4096K), 4 survivors (4096K)
 Metaspace       used 20624K, capacity 20990K, committed 21248K, reserved 1069056K
  class space    used 2422K, capacity 2541K, committed 2560K, reserved 1048576K
}
Event: 7.579 GC heap before
{Heap before GC invocations=6 (full 0):
 garbage-first heap   total 131072K, used 62611K [0x00000000e0000000, 0x0000000100000000)
  region size 1024K, 49 young (50176K), 4 survivors (4096K)
 Metaspace       used 26200K, capacity 26788K, committed 26880K, reserved 1073152K
  class space    used 3339K, capacity 3519K, committed 3584K, reserved 1048576K
}
Event: 7.588 GC heap after
{Heap after GC invocations=7 (full 0):
 garbage-first heap   total 131072K, used 18317K [0x00000000e0000000, 0x0000000100000000)
  region size 1024K, 5 young (5120K), 5 survivors (5120K)
 Metaspace       used 26200K, capacity 26788K, committed 26880K, reserved 1073152K
  class space    used 3339K, capacity 3519K, committed 3584K, reserved 1048576K
}
Event: 10.512 GC heap before
{Heap before GC invocations=7 (full 0):
 garbage-first heap   total 131072K, used 62349K [0x00000000e0000000, 0x0000000100000000)
  region size 1024K, 50 young (51200K), 5 survivors (5120K)
 Metaspace       used 34830K, capacity 35511K, committed 35628K, reserved 1081344K
  class space    used 4442K, capacity 4706K, committed 4736K, reserved 1048576K
}
Event: 10.530 GC heap after
{Heap after GC invocations=8 (full 0):
 garbage-first heap   total 131072K, used 21531K [0x00000000e0000000, 0x0000000100000000)
  region size 1024K, 6 young (6144K), 6 survivors (6144K)
 Metaspace       used 34830K, capacity 35511K, committed 35628K, reserved 1081344K
  class space    used 4442K, capacity 4706K, committed 4736K, reserved 1048576K
}
Event: 16.034 GC heap before
{Heap before GC invocations=9 (full 0):
 garbage-first heap   total 131072K, used 82971K [0x00000000e0000000, 0x0000000100000000)
  region size 1024K, 64 young (65536K), 6 survivors (6144K)
 Metaspace       used 40436K, capacity 41348K, committed 41592K, reserved 1085440K
  class space    used 5171K, capacity 5491K, committed 5580K, reserved 1048576K
}
Event: 16.050 GC heap after
{Heap after GC invocations=10 (full 0):
 garbage-first heap   total 131072K, used 25149K [0x00000000e0000000, 0x0000000100000000)
  region size 1024K, 7 young (7168K), 7 survivors (7168K)
 Metaspace       used 40436K, capacity 41348K, committed 41592K, reserved 1085440K
  class space    used 5171K, capacity 5491K, committed 5580K, reserved 1048576K
}

